<?xml version="1.0" encoding="UTF-8"?>
<testng-results ignored="0" total="2" passed="2" failed="0" skipped="0">
  <reporter-output>
  </reporter-output>
  <suite started-at="2021-12-08T14:12:45 IST" name="Default suite" finished-at="2021-12-08T14:12:48 IST" duration-ms="3045">
    <groups>
    </groups>
    <test started-at="2021-12-08T14:12:45 IST" name="Default test" finished-at="2021-12-08T14:12:48 IST" duration-ms="3045">
      <class name="RestStaticExample">
        <test-method signature="test01()[pri:0, instance:RestStaticExample@6bf0219d]" started-at="2021-12-08T14:12:45 IST" name="test01" finished-at="2021-12-08T14:12:48 IST" duration-ms="2709" status="PASS">
          <reporter-output>
          </reporter-output>
        </test-method> <!-- test01 -->
        <test-method signature="test02()[pri:0, instance:RestStaticExample@6bf0219d]" started-at="2021-12-08T14:12:48 IST" name="test02" finished-at="2021-12-08T14:12:48 IST" duration-ms="287" status="PASS">
          <reporter-output>
          </reporter-output>
        </test-method> <!-- test02 -->
      </class> <!-- RestStaticExample -->
    </test> <!-- Default test -->
  </suite> <!-- Default suite -->
</testng-results>
